<?xml version="1.0" encoding="UTF-8"?>
<!-- Generated by org.testng.reporters.JUnitReportReporter -->
<testsuite hostname="TSQA-L029" failures="0" tests="6" name="bookmyshow.Runner" time="58.390" errors="0" timestamp="2022-05-16T18:41:19 IST" skipped="0">
  <testcase classname="bookmyshow.Runner" name="mainPage" time="2.314"/>
  <system-out/>
  <testcase classname="bookmyshow.Runner" name="movie" time="9.178"/>
  <system-out/>
  <testcase classname="bookmyshow.Runner" name="dateBooking" time="6.711"/>
  <system-out/>
  <testcase classname="bookmyshow.Runner" name="seatSelation" time="22.315"/>
  <system-out/>
  <testcase classname="bookmyshow.Runner" name="pay" time="8.522"/>
  <system-out/>
  <testcase classname="bookmyshow.Runner" name="carddetails" time="9.350"/>
  <system-out/>
</testsuite> <!-- bookmyshow.Runner -->
